<?xml version="1.0" encoding="UTF-8"?>
<!-- Generated by org.testng.reporters.JUnitXMLReporter -->
<testsuite ignored="2" hostname="DESKTOP-QJEFFSO" failures="0" tests="3" name="Default test" time="93.253" errors="0" timestamp="2024-02-07T13:00:26 IST">
  <testcase classname="pharmatest.Pharma_testdata" name="verifylogin" time="17.554"/>
  <testcase classname="pharmatest.Pharma_testdata" name="uploads" time="30.853"/>
  <testcase classname="pharmatest.Pharma_testdata" name="purchaseproducts" time="16.411"/>
  <testcase classname="pharmatest.Pharma_testdata" name="Screenshot" time="0.0">
    <ignored/>
  </testcase> <!-- Screenshot -->
  <testcase classname="pharmatest.Pharma_testdata" name="Verifications" time="0.0">
    <ignored/>
  </testcase> <!-- Verifications -->
</testsuite> <!-- Default test -->
