<?xml version="1.0" encoding="UTF-8"?>
<testng-results ignored="2" total="5" passed="3" failed="0" skipped="0">
  <reporter-output>
  </reporter-output>
  <suite started-at="2024-02-07T12:58:52 IST" name="Default suite" finished-at="2024-02-07T13:00:26 IST" duration-ms="93253">
    <groups>
    </groups>
    <test started-at="2024-02-07T12:58:52 IST" name="Default test" finished-at="2024-02-07T13:00:26 IST" duration-ms="93253">
      <class name="pharmatest.Pharma_testdata">
        <test-method is-config="true" signature="setUp()[pri:0, instance:pharmatest.Pharma_testdata@6e20b53a]" started-at="2024-02-07T12:58:52 IST" name="setUp" finished-at="2024-02-07T12:58:57 IST" duration-ms="4981" status="PASS">
          <reporter-output>
          </reporter-output>
        </test-method> <!-- setUp -->
        <test-method is-config="true" signature="url()[pri:0, instance:pharmatest.Pharma_testdata@6e20b53a]" started-at="2024-02-07T12:58:57 IST" name="url" finished-at="2024-02-07T12:59:11 IST" duration-ms="13820" status="PASS">
          <reporter-output>
          </reporter-output>
        </test-method> <!-- url -->
        <test-method signature="verifylogin()[pri:1, instance:pharmatest.Pharma_testdata@6e20b53a]" started-at="2024-02-07T12:59:11 IST" name="verifylogin" finished-at="2024-02-07T12:59:29 IST" duration-ms="17554" status="PASS">
          <reporter-output>
          </reporter-output>
        </test-method> <!-- verifylogin -->
        <test-method is-config="true" signature="url()[pri:0, instance:pharmatest.Pharma_testdata@6e20b53a]" started-at="2024-02-07T12:59:29 IST" name="url" finished-at="2024-02-07T12:59:32 IST" duration-ms="2982" status="PASS">
          <reporter-output>
          </reporter-output>
        </test-method> <!-- url -->
        <test-method signature="uploads()[pri:2, instance:pharmatest.Pharma_testdata@6e20b53a]" started-at="2024-02-07T12:59:32 IST" name="uploads" finished-at="2024-02-07T13:00:03 IST" duration-ms="30853" status="PASS">
          <reporter-output>
          </reporter-output>
        </test-method> <!-- uploads -->
        <test-method is-config="true" signature="url()[pri:0, instance:pharmatest.Pharma_testdata@6e20b53a]" started-at="2024-02-07T13:00:03 IST" name="url" finished-at="2024-02-07T13:00:09 IST" duration-ms="6556" status="PASS">
          <reporter-output>
          </reporter-output>
        </test-method> <!-- url -->
        <test-method signature="purchaseproducts()[pri:3, instance:pharmatest.Pharma_testdata@6e20b53a]" started-at="2024-02-07T13:00:09 IST" name="purchaseproducts" finished-at="2024-02-07T13:00:26 IST" duration-ms="16411" status="PASS">
          <reporter-output>
          </reporter-output>
        </test-method> <!-- purchaseproducts -->
      </class> <!-- pharmatest.Pharma_testdata -->
    </test> <!-- Default test -->
  </suite> <!-- Default suite -->
</testng-results>
